<?xml version="1.0" encoding="UTF-8"?>
<testng-results ignored="0" total="1" passed="1" failed="0" skipped="0">
  <reporter-output>
  </reporter-output>
  <suite started-at="2022-11-22T11:14:25 IST" name="Default suite" finished-at="2022-11-22T11:14:25 IST" duration-ms="45">
    <groups>
    </groups>
    <test started-at="2022-11-22T11:14:25 IST" name="Default test" finished-at="2022-11-22T11:14:25 IST" duration-ms="45">
      <class name="DemoTest.Demo">
        <test-method signature="readnm()[pri:0, instance:DemoTest.Demo@7f010382]" started-at="2022-11-22T11:14:25 IST" name="readnm" finished-at="2022-11-22T11:14:25 IST" duration-ms="9" status="PASS">
          <reporter-output>
          </reporter-output>
        </test-method> <!-- readnm -->
      </class> <!-- DemoTest.Demo -->
    </test> <!-- Default test -->
  </suite> <!-- Default suite -->
</testng-results>
